     1 00000000                                 ; 	haribote-ipl
     2 00000000                                 ; 	TAB = press 2 TAB(one TAB is 8 space)
     3 00000000                                 ;	16位寄存器  AX累加寄存器 CX计数寄存器 DX数据寄存器 BX基址寄存器 SP栈指针寄存器 BP基址指针寄存器 SI源变址寄存器 DI目的变址寄存器
     4 00000000                                 ;	8位寄存器   AL累加寄存器低位 CL计数寄存器低位 DL数据寄存器低位 BL基址寄存器低位 AH累加寄存器高位 CH计数寄存器高位 DH数据寄存器高位 BH基址寄存器高位
     5 00000000                                 ;	16位段寄存器 ES附加段寄存器 CS代码段寄存器 SS栈段寄存器 DS数据段寄存器 FS段寄存器2 GS段寄存器3
     6 00000000                                 
     7  = 0000000A                              CYLS	EQU		10			;定义CYLS=10
     8                                          		ORG		0x7c00		;程序装载到内存预留的起始地址处
     9 00007C00                                 
    10 00007C00                                 ; 	FAT12软盘专用的代码
    11 00007C00 EB 4E                           		JMP 	entry
    12 00007C02 90                              		DB		0x90		
    13 00007C03                                 ; 	对比可以发现,这里其实发生了改变,但却不影响运行,是因为这些都只是磁盘信息,只要在合理范围内即可,CPU不会把他们当作命令执行
    14 00007C03 48 41 52 49 42 4F 54 45         		DB		"HARIBOTE"		
    15 00007C0B 0200                            		DW		512				
    16 00007C0D 01                              		DB		1				
    17 00007C0E 0001                            		DW		1				
    18 00007C10 02                              		DB		2				
    19 00007C11 00E0                            		DW		224				
    20 00007C13 0B40                            		DW		2880			
    21 00007C15 F0                              		DB		0xf0			
    22 00007C16 0009                            		DW		9				
    23 00007C18 0012                            		DW		18				
    24 00007C1A 0002                            		DW		2				
    25 00007C1C 00000000                        		DD		0				
    26 00007C20 00000B40                        		DD		2880			
    27 00007C24 00 00 29                        		DB		0,0,0x29		
    28 00007C27 FFFFFFFF                        		DD		0xffffffff		
    29 00007C2B 48 41 52 49 42 4F 54 45 4F 53   		DB		"HARIBOTEOS "	
       00007C35 20 
    30 00007C36 46 41 54 31 32 20 20 20         		DB		"FAT12   "		
    31 00007C3E 00 00 00 00 00 00 00 00 00 00   		RESB	18	
       00007C48 00 00 00 00 00 00 00 00 
    32 00007C50                                 
    33 00007C50                                 ; 	程序主体
    34 00007C50                                 entry:
    35 00007C50 B8 0000                         		MOV		AX,0		;初始化寄存器
    36 00007C53 8E D0                           		MOV		SS,AX		
    37 00007C55 BC 7C00                         		MOV		SP,0X7c00
    38 00007C58 8E D8                           		MOV		DS,AX
    39 00007C5A                                 
    40 00007C5A B8 0820                         		MOV		AX,0x0820	;AX=0x02(读盘),0x03(写盘),0x04(校验),0x0c(寻道)...
    41 00007C5D 8E C0                           		MOV		ES,AX		;ES:BX = 缓冲地址(INT 0x13调用中,实际地址为ES*16+BX),即将磁盘内容读到第ES:BX-ES:BX+511(共512字节)内存地址中
    42 00007C5F B5 00                           		MOV		CH,0		;柱面0
    43 00007C61 B6 00                           		MOV		DH,0		;磁头0
    44 00007C63 B1 02                           		MOV		CL,2		;扇区2
    45 00007C65                                 		
    46 00007C65                                 ;	haribooc新增内容:读取完柱面0的18个扇区
    47 00007C65                                 readloop:
    48 00007C65 BE 0000                         		MOV		SI,0
    49 00007C68                                 		
    50 00007C68                                 retry:
    51 00007C68 B4 02                           		MOV		AH,0x02		;AH=0x02 : 读盘
    52 00007C6A B0 01                           		MOV		AL,1		;处理对象的扇区数,这里AL=17的话可以直接读入17个扇区的内容,但这样做的话似乎有些限制
    53 00007C6C BB 0000                         		MOV		BX,0
    54 00007C6F B2 00                           		MOV		DL,0x00		;A驱动器
    55 00007C71 CD 13                           		INT		0x13		;调用磁盘bios
    56 00007C73 73 10                           		JNC		next		;没出错跳转到next
    57 00007C75 83 C6 01                        		ADD		SI,1		;出错次数+1
    58 00007C78 83 FE 05                        		CMP		SI,5		;SI(出错次数)与5比较
    59 00007C7B 73 2E                           		JAE		error		;JAE:jump if above or equal，即SI>=5跳转到error
    60 00007C7D B4 00                           		MOV		AH,0x00
    61 00007C7F B2 00                           		MOV		DL,0x00		;A驱动器
    62 00007C81 CD 13                           		INT		0x13		;重置驱动器
    63 00007C83 EB E3                           		JMP		retry
    64 00007C85                                 		
    65 00007C85                                 next:
    66 00007C85 8C C0                           		MOV 	AX,ES
    67 00007C87 05 0020                         		ADD 	AX,0x0020
    68 00007C8A 8E C0                           		MOV 	ES,AX			;没有ADD ES,0x0020 指令,所以用AX完成
    69 00007C8C 80 C1 01                        		ADD 	CL,1			;储存当前读取的扇区号
    70 00007C8F 80 F9 12                        		CMP 	CL,18
    71 00007C92 76 D1                           		JBE 	readloop		;JBE(jump if below or equal) 当CL<=18时跳转
    72 00007C94 B1 01                           		MOV 	CL,1			;如果CL>18就说明读完了18个扇区，那么开始读下一个磁头
    73 00007C96 80 C6 01                        		ADD		DH,1			;下一个磁头
    74 00007C99 80 FE 02                        		CMP		DH,2			;如果DH>=2，就说明磁头读完了，开始读下一个柱面
    75 00007C9C 72 C7                           		JB		readloop
    76 00007C9E B6 00                           		MOV		DH,0			;重置磁头
    77 00007CA0 80 C5 01                        		ADD		CH,1			;柱面+1，这里不用MOV CL,1是因为DH>=2就一定执行了ADD DH,1 而MOV CL,1必定与ADD DH,1顺序执行
    78 00007CA3 80 FD 0A                        		CMP		CH,CYLS			;CYLS=10,定义:CYLS EQU 10
    79 00007CA6 72 BD                           		JB		readloop
    80 00007CA8                                 		
    81 00007CA8                                 fin:
    82 00007CA8 F4                              		HLT
    83 00007CA9 EB FD                           		JMP		fin
    84 00007CAB                                 		
    85 00007CAB                                 error:
    86 00007CAB BE 7CC0                         		MOV SI,msg
    87 00007CAE                                 		
    88 00007CAE                                 ; 	汇编语言中代码是顺序执行的,除非有跳转,所以即使没有显示调用putloop,也会运行putloop,有输出(在helloos5及之前)
    89 00007CAE                                 
    90 00007CAE                                 putloop:
    91 00007CAE 8A 04                           		MOV		AL,[SI]
    92 00007CB0 83 C6 01                        		ADD		SI,1
    93 00007CB3 3C 00                           		CMP		AL,0
    94 00007CB5 74 F1                           		JE		fin
    95 00007CB7 B4 0E                           		MOV		AH,0x0e
    96 00007CB9 BB 000F                         		MOV		BX,15
    97 00007CBC CD 10                           		INT		0x10
    98 00007CBE EB EE                           		JMP		putloop
    99 00007CC0                                 		
   100 00007CC0                                 msg:
   101 00007CC0 0A 0A                           		DB		0x0a,0x0a
   102 00007CC2 6C 6F 61 64 20 65 72 72 6F 72   		DB		"load error"
   103 00007CCC 0A                              		DB		0x0a
   104 00007CCD 00                              		DB		0
   105 00007CCE                                 		
   106 00007CCE 00 00 00 00 00 00 00 00 00 00   		RESB	0x7dfe-$
       00007CD8 00 00 00 00 00 00 00 00 00 00 
       00007CE2 00 00 00 00 00 00 00 00 00 00 
       00007CEC 00 00 00 00 00 00 00 00 00 00 
       00007CF6 00 00 00 00 00 00 00 00 00 00 
       00007D00 00 00 00 00 00 00 00 00 00 00 
       00007D0A 00 00 00 00 00 00 00 00 00 00 
       00007D14 00 00 00 00 00 00 00 00 00 00 
       00007D1E 00 00 00 00 00 00 00 00 00 00 
       00007D28 00 00 00 00 00 00 00 00 00 00 
       00007D32 00 00 00 00 00 00 00 00 00 00 
       00007D3C 00 00 00 00 00 00 00 00 00 00 
       00007D46 00 00 00 00 00 00 00 00 00 00 
       00007D50 00 00 00 00 00 00 00 00 00 00 
       00007D5A 00 00 00 00 00 00 00 00 00 00 
       00007D64 00 00 00 00 00 00 00 00 00 00 
       00007D6E 00 00 00 00 00 00 00 00 00 00 
       00007D78 00 00 00 00 00 00 00 00 00 00 
       00007D82 00 00 00 00 00 00 00 00 00 00 
       00007D8C 00 00 00 00 00 00 00 00 00 00 
       00007D96 00 00 00 00 00 00 00 00 00 00 
       00007DA0 00 00 00 00 00 00 00 00 00 00 
       00007DAA 00 00 00 00 00 00 00 00 00 00 
       00007DB4 00 00 00 00 00 00 00 00 00 00 
       00007DBE 00 00 00 00 00 00 00 00 00 00 
       00007DC8 00 00 00 00 00 00 00 00 00 00 
       00007DD2 00 00 00 00 00 00 00 00 00 00 
       00007DDC 00 00 00 00 00 00 00 00 00 00 
       00007DE6 00 00 00 00 00 00 00 00 00 00 
       00007DF0 00 00 00 00 00 00 00 00 00 00 
       00007DFA 00 00 00 00 
   107 00007DFE                                 
   108 00007DFE 55 AA                           		DB		0x55,0xaa
   109 00007E00                                 
