     1 00000000                                 ; 	haribote-ipl
     2 00000000                                 ; 	TAB = press 2 TAB(one TAB is 8 space)
     3 00000000                                 ;	16位寄存器  AX累加寄存器 CX计数寄存器 DX数据寄存器 BX基址寄存器 SP栈指针寄存器 BP基址指针寄存器 SI源变址寄存器 DI目的变址寄存器
     4 00000000                                 ;	8位寄存器   AL累加寄存器低位 CL计数寄存器低位 DL数据寄存器低位 BL基址寄存器低位 AH累加寄存器高位 CH计数寄存器高位 DH数据寄存器高位 BH基址寄存器高位
     5 00000000                                 ;	16位段寄存器 ES附加段寄存器 CS代码段寄存器 SS栈段寄存器 DS数据段寄存器 FS段寄存器2 GS段寄存器3
     6 00000000                                 
     7                                          		ORG		0x7c00		;程序装载到内存预留的起始地址处
     8 00007C00                                 
     9 00007C00                                 ; 	FAT12软盘专用的代码
    10 00007C00 EB 4E                           		JMP 	entry
    11 00007C02 90                              		DB		0x90		
    12 00007C03                                 ; 	对比可以发现,这里其实发生了改变,但却不影响运行,是因为这些都只是磁盘信息,只要在合理范围内即可,CPU不会把他们当作命令执行
    13 00007C03 48 41 52 49 42 4F 54 45         		DB		"HARIBOTE"		
    14 00007C0B 0200                            		DW		512				
    15 00007C0D 01                              		DB		1				
    16 00007C0E 0001                            		DW		1				
    17 00007C10 02                              		DB		2				
    18 00007C11 00E0                            		DW		224				
    19 00007C13 0B40                            		DW		2880			
    20 00007C15 F0                              		DB		0xf0			
    21 00007C16 0009                            		DW		9				
    22 00007C18 0012                            		DW		18				
    23 00007C1A 0002                            		DW		2				
    24 00007C1C 00000000                        		DD		0				
    25 00007C20 00000B40                        		DD		2880			
    26 00007C24 00 00 29                        		DB		0,0,0x29		
    27 00007C27 FFFFFFFF                        		DD		0xffffffff		
    28 00007C2B 48 41 52 49 42 4F 54 45 4F 53   		DB		"HARIBOTEOS "	
       00007C35 20 
    29 00007C36 46 41 54 31 32 20 20 20         		DB		"FAT12   "		
    30 00007C3E 00 00 00 00 00 00 00 00 00 00   		RESB	18	
       00007C48 00 00 00 00 00 00 00 00 
    31 00007C50                                 
    32 00007C50                                 ; 	程序主体
    33 00007C50                                 entry:
    34 00007C50 B8 0000                         		MOV		AX,0		;初始化寄存器
    35 00007C53 8E D0                           		MOV		SS,AX		
    36 00007C55 BC 7C00                         		MOV		SP,0X7c00
    37 00007C58 8E D8                           		MOV		DS,AX
    38 00007C5A                                 
    39 00007C5A B8 0820                         		MOV		AX,0x0820	;AX=0x02(读盘),0x03(写盘),0x04(校验),0x0c(寻道)...
    40 00007C5D 8E C0                           		MOV		ES,AX		;ES:BX = 缓冲地址(INT 0x13调用中,实际地址为ES*16+BX),即将磁盘内容读到第ES:BX-ES:BX+511(共512字节)内存地址中
    41 00007C5F B5 00                           		MOV		CH,0		;柱面0
    42 00007C61 B6 00                           		MOV		DH,0		;磁头0
    43 00007C63 B1 02                           		MOV		CL,2		;扇区2
    44 00007C65                                 		
    45 00007C65                                 ;	haribooc新增内容:读取完柱面0的18个扇区
    46 00007C65                                 readloop:
    47 00007C65 BE 0000                         		MOV		SI,0
    48 00007C68                                 		
    49 00007C68                                 retry:
    50 00007C68 B4 02                           		MOV		AH,0x02		;AH=0x02 : 读盘
    51 00007C6A B0 01                           		MOV		AL,1		;处理对象的扇区数,这里AL=17的话可以直接读入17个扇区的内容,但这样做的话似乎有些限制
    52 00007C6C BB 0000                         		MOV		BX,0
    53 00007C6F B2 00                           		MOV		DL,0x00		;A驱动器
    54 00007C71 CD 13                           		INT		0x13		;调用磁盘bios
    55 00007C73 73 10                           		JNC		next		;没出错跳转到next
    56 00007C75 83 C6 01                        		ADD		SI,1		;出错次数+1
    57 00007C78 83 FE 05                        		CMP		SI,5		;SI(出错次数)与5比较
    58 00007C7B 73 1A                           		JAE		error		;JAE:jump if above or equal，即SI>=5跳转到error
    59 00007C7D B4 00                           		MOV		AH,0x00
    60 00007C7F B2 00                           		MOV		DL,0x00		;A驱动器
    61 00007C81 CD 13                           		INT		0x13		;重置驱动器
    62 00007C83 EB E3                           		JMP		retry
    63 00007C85                                 		
    64 00007C85                                 next:
    65 00007C85 8C C0                           		MOV 	AX,ES
    66 00007C87 05 0020                         		ADD 	AX,0x0020
    67 00007C8A 8E C0                           		MOV 	ES,AX			;没有ADD ES,0x0020 指令,所以用AX完成
    68 00007C8C 80 C1 01                        		ADD 	CL,1			;储存当前读取的扇区号
    69 00007C8F 80 F9 12                        		CMP 	CL,18
    70 00007C92 76 D1                           		JBE 	readloop		;JBE(jump if below or equal) 当CL<=18时跳转
    71 00007C94                                 		
    72 00007C94                                 fin:
    73 00007C94 F4                              		HLT
    74 00007C95 EB FD                           		JMP		fin
    75 00007C97                                 		
    76 00007C97                                 error:
    77 00007C97 BE 7CAC                         		MOV SI,msg
    78 00007C9A                                 		
    79 00007C9A                                 ; 	汇编语言中代码是顺序执行的,除非有跳转,所以即使没有显示调用putloop,也会运行putloop,有输出(在helloos5及之前)
    80 00007C9A                                 
    81 00007C9A                                 putloop:
    82 00007C9A 8A 04                           		MOV		AL,[SI]
    83 00007C9C 83 C6 01                        		ADD		SI,1
    84 00007C9F 3C 00                           		CMP		AL,0
    85 00007CA1 74 F1                           		JE		fin
    86 00007CA3 B4 0E                           		MOV		AH,0x0e
    87 00007CA5 BB 000F                         		MOV		BX,15
    88 00007CA8 CD 10                           		INT		0x10
    89 00007CAA EB EE                           		JMP		putloop
    90 00007CAC                                 		
    91 00007CAC                                 msg:
    92 00007CAC 0A 0A                           		DB		0x0a,0x0a
    93 00007CAE 6C 6F 61 64 20 65 72 72 6F 72   		DB		"load error"
    94 00007CB8 0A                              		DB		0x0a
    95 00007CB9 00                              		DB		0
    96 00007CBA                                 		
    97 00007CBA 00 00 00 00 00 00 00 00 00 00   		RESB	0x7dfe-$
       00007CC4 00 00 00 00 00 00 00 00 00 00 
       00007CCE 00 00 00 00 00 00 00 00 00 00 
       00007CD8 00 00 00 00 00 00 00 00 00 00 
       00007CE2 00 00 00 00 00 00 00 00 00 00 
       00007CEC 00 00 00 00 00 00 00 00 00 00 
       00007CF6 00 00 00 00 00 00 00 00 00 00 
       00007D00 00 00 00 00 00 00 00 00 00 00 
       00007D0A 00 00 00 00 00 00 00 00 00 00 
       00007D14 00 00 00 00 00 00 00 00 00 00 
       00007D1E 00 00 00 00 00 00 00 00 00 00 
       00007D28 00 00 00 00 00 00 00 00 00 00 
       00007D32 00 00 00 00 00 00 00 00 00 00 
       00007D3C 00 00 00 00 00 00 00 00 00 00 
       00007D46 00 00 00 00 00 00 00 00 00 00 
       00007D50 00 00 00 00 00 00 00 00 00 00 
       00007D5A 00 00 00 00 00 00 00 00 00 00 
       00007D64 00 00 00 00 00 00 00 00 00 00 
       00007D6E 00 00 00 00 00 00 00 00 00 00 
       00007D78 00 00 00 00 00 00 00 00 00 00 
       00007D82 00 00 00 00 00 00 00 00 00 00 
       00007D8C 00 00 00 00 00 00 00 00 00 00 
       00007D96 00 00 00 00 00 00 00 00 00 00 
       00007DA0 00 00 00 00 00 00 00 00 00 00 
       00007DAA 00 00 00 00 00 00 00 00 00 00 
       00007DB4 00 00 00 00 00 00 00 00 00 00 
       00007DBE 00 00 00 00 00 00 00 00 00 00 
       00007DC8 00 00 00 00 00 00 00 00 00 00 
       00007DD2 00 00 00 00 00 00 00 00 00 00 
       00007DDC 00 00 00 00 00 00 00 00 00 00 
       00007DE6 00 00 00 00 00 00 00 00 00 00 
       00007DF0 00 00 00 00 00 00 00 00 00 00 
       00007DFA 00 00 00 00 
    98 00007DFE                                 
    99 00007DFE 55 AA                           		DB		0x55,0xaa
   100 00007E00                                 
