     1 00000000                                 ; hello-os
     2 00000000                                 ; TAB = press 2 TAB(one TAB is 8 space)
     3 00000000                                 
     4                                          		ORG		0x7c00			; 程序装载到内存预留的起始地址处
     5 00007C00                                 
     6 00007C00                                 ; FAT12软盘专用的代码
     7 00007C00 EB 4E                           		JMP 	entry
     8 00007C02 90                              		DB		0x90		
     9 00007C03                                 		; 对比可以发现，这里其实发生了改变，但却不影响运行，是因为这些都只是磁盘信息，只要在合理范围内即可，CPU不会把他们当作命令执行
    10 00007C03 48 41 52 49 42 4F 54 45         		DB		"HARIBOTE"		
    11 00007C0B 0200                            		DW		512				
    12 00007C0D 01                              		DB		1				
    13 00007C0E 0001                            		DW		1				
    14 00007C10 02                              		DB		2				
    15 00007C11 00E0                            		DW		224				
    16 00007C13 0B40                            		DW		2880			
    17 00007C15 F0                              		DB		0xf0			
    18 00007C16 0009                            		DW		9				
    19 00007C18 0012                            		DW		18				
    20 00007C1A 0002                            		DW		2				
    21 00007C1C 00000000                        		DD		0				
    22 00007C20 00000B40                        		DD		2880			
    23 00007C24 00 00 29                        		DB		0,0,0x29		
    24 00007C27 FFFFFFFF                        		DD		0xffffffff		
    25 00007C2B 48 41 52 49 42 4F 54 45 4F 53   		DB		"HARIBOTEOS "	
       00007C35 20 
    26 00007C36 46 41 54 31 32 20 20 20         		DB		"FAT12   "		
    27 00007C3E 00 00 00 00 00 00 00 00 00 00   		RESB	18	
       00007C48 00 00 00 00 00 00 00 00 
    28 00007C50                                 
    29 00007C50                                 ; 程序主体
    30 00007C50                                 
    31 00007C50                                 entry:
    32 00007C50 B8 0000                         		MOV		AX,0
    33 00007C53 8E D0                           		MOV		SS,AX
    34 00007C55 BC 7C00                         		MOV		SP,0X7c00
    35 00007C58 8E D8                           		MOV		DS,AX
    36 00007C5A                                 
    37 00007C5A BE 7C8D                         		MOV		SI,msg
    38 00007C5D                                 
    39 00007C5D                                 		; harib00a新增内容 : 读取下一个扇区 C0-H0-S2到内存地址0x0820及以后的512字节中
    40 00007C5D B8 0820                         		MOV		AX,0x0820
    41 00007C60 8E C0                           		MOV		ES,AX
    42 00007C62 B5 00                           		MOV		CH,0		;柱面0
    43 00007C64 B6 00                           		MOV		DH,0		;磁头0
    44 00007C66 B1 02                           		MOV		CL,2			;扇区2
    45 00007C68 B4 02                           		MOV		AH,0x02		;AH=0x02 : 读盘
    46 00007C6A B0 01                           		MOV		AL,1		;1个扇区
    47 00007C6C BB 0000                         		MOV		BX,0
    48 00007C6F B2 00                           		MOV		DL,0x00		;A驱动器
    49 00007C71 CD 13                           		INT		0x13		;调用磁盘bios
    50 00007C73 72 03                           		JC		error
    51 00007C75                                 
    52 00007C75                                 fin:
    53 00007C75 F4                              		HLT
    54 00007C76 EB FD                           		JMP		fin
    55 00007C78                                 		
    56 00007C78                                 error:
    57 00007C78 BE 7C8D                         		MOV SI,msg
    58 00007C7B                                 		
    59 00007C7B                                 ; 汇编语言中代码是顺序执行的，除非有跳转，所以即使没有显示调用putloop，也会运行putloop，有输出(在helloos5及之前)
    60 00007C7B                                 putloop:
    61 00007C7B 8A 04                           		MOV		AL,[SI]
    62 00007C7D 83 C6 01                        		ADD		SI,1
    63 00007C80 3C 00                           		CMP		AL,0
    64 00007C82 74 F1                           		JE		fin
    65 00007C84 B4 0E                           		MOV		AH,0x0e
    66 00007C86 BB 000F                         		MOV		BX,15
    67 00007C89 CD 10                           		INT		0x10
    68 00007C8B EB EE                           		JMP		putloop
    69 00007C8D                                 msg:
    70 00007C8D 0A 0A                           		DB		0x0a,0x0a
    71 00007C8F 6C 6F 61 64 20 65 72 72 6F 72   		DB		"load error"
    72 00007C99 0A                              		DB		0x0a
    73 00007C9A 00                              		DB		0
    74 00007C9B                                 		
    75 00007C9B 00 00 00 00 00 00 00 00 00 00   		RESB	0x7dfe-$
       00007CA5 00 00 00 00 00 00 00 00 00 00 
       00007CAF 00 00 00 00 00 00 00 00 00 00 
       00007CB9 00 00 00 00 00 00 00 00 00 00 
       00007CC3 00 00 00 00 00 00 00 00 00 00 
       00007CCD 00 00 00 00 00 00 00 00 00 00 
       00007CD7 00 00 00 00 00 00 00 00 00 00 
       00007CE1 00 00 00 00 00 00 00 00 00 00 
       00007CEB 00 00 00 00 00 00 00 00 00 00 
       00007CF5 00 00 00 00 00 00 00 00 00 00 
       00007CFF 00 00 00 00 00 00 00 00 00 00 
       00007D09 00 00 00 00 00 00 00 00 00 00 
       00007D13 00 00 00 00 00 00 00 00 00 00 
       00007D1D 00 00 00 00 00 00 00 00 00 00 
       00007D27 00 00 00 00 00 00 00 00 00 00 
       00007D31 00 00 00 00 00 00 00 00 00 00 
       00007D3B 00 00 00 00 00 00 00 00 00 00 
       00007D45 00 00 00 00 00 00 00 00 00 00 
       00007D4F 00 00 00 00 00 00 00 00 00 00 
       00007D59 00 00 00 00 00 00 00 00 00 00 
       00007D63 00 00 00 00 00 00 00 00 00 00 
       00007D6D 00 00 00 00 00 00 00 00 00 00 
       00007D77 00 00 00 00 00 00 00 00 00 00 
       00007D81 00 00 00 00 00 00 00 00 00 00 
       00007D8B 00 00 00 00 00 00 00 00 00 00 
       00007D95 00 00 00 00 00 00 00 00 00 00 
       00007D9F 00 00 00 00 00 00 00 00 00 00 
       00007DA9 00 00 00 00 00 00 00 00 00 00 
       00007DB3 00 00 00 00 00 00 00 00 00 00 
       00007DBD 00 00 00 00 00 00 00 00 00 00 
       00007DC7 00 00 00 00 00 00 00 00 00 00 
       00007DD1 00 00 00 00 00 00 00 00 00 00 
       00007DDB 00 00 00 00 00 00 00 00 00 00 
       00007DE5 00 00 00 00 00 00 00 00 00 00 
       00007DEF 00 00 00 00 00 00 00 00 00 00 
       00007DF9 00 00 00 00 00 
    76 00007DFE                                 
    77 00007DFE 55 AA                           		DB		0x55,0xaa
    78 00007E00                                 
